1592628368239	mozrunner::runner	INFO	Running command: "C:\\Program Files\\Mozilla Firefox\\firefox.exe" "-marionette" "-foreground" "-no-remote" "-profile" "C:\\Users\\crsdp\\AppData\\Local\\Temp\\rust_mozprofile68ZCya"
JavaScript error: resource://gre/modules/XULStore.jsm, line 66: Error: Can't find profile directory.
1592628370473	Marionette	INFO	Listening on port 57543
1592628370850	Marionette	WARN	TLS certificate errors will be ignored for this session
JavaScript error: resource://gre/modules/URIFixup.jsm, line 203: NS_ERROR_FAILURE: Should pass a non-null uri
1592628513307	Marionette	INFO	Stopped listening on port 57543

###!!! [Child][MessageChannel::SendAndWait] Error: Channel error: cannot send/recv

1592628969353	mozrunner::runner	INFO	Running command: "C:\\Program Files\\Mozilla Firefox\\firefox.exe" "-marionette" "-foreground" "-no-remote" "-profile" "C:\\Users\\crsdp\\AppData\\Local\\Temp\\rust_mozprofile0jw3WS"
JavaScript error: resource://gre/modules/XULStore.jsm, line 66: Error: Can't find profile directory.
1592628971550	Marionette	INFO	Listening on port 57699
1592628971979	Marionette	WARN	TLS certificate errors will be ignored for this session
JavaScript error: resource://gre/modules/URIFixup.jsm, line 203: NS_ERROR_FAILURE: Should pass a non-null uri
1592629003945	Marionette	INFO	Stopped listening on port 57699

###!!! [Child][RunMessage] Error: Channel closing: too late to send/recv, messages will be lost


###!!! [Child][MessageChannel::SendAndWait] Error: Channel error: cannot send/recv

1592629488333	mozrunner::runner	INFO	Running command: "C:\\Program Files\\Mozilla Firefox\\firefox.exe" "-marionette" "-foreground" "-no-remote" "-profile" "C:\\Users\\crsdp\\AppData\\Local\\Temp\\rust_mozprofilek4wrl9"
JavaScript error: resource://gre/modules/XULStore.jsm, line 66: Error: Can't find profile directory.
1592629490302	Marionette	INFO	Listening on port 57823
1592629490362	Marionette	WARN	TLS certificate errors will be ignored for this session
1592629494024	Marionette	INFO	Stopped listening on port 57823

###!!! [Child][RunMessage] Error: Channel closing: too late to send/recv, messages will be lost


###!!! [Child][MessageChannel::SendAndWait] Error: Channel error: cannot send/recv

